<?xml version="1.0" encoding="UTF-8"?>
<!-- Generated by org.testng.reporters.JUnitReportReporter -->
<testsuite hostname="DESKTOP-TNKE7AP" failures="0" tests="1" name="com.google.GoogleTest" time="10.977" errors="0" timestamp="05 jun. 2021 15:27:43 GMT" skipped="0">
  <testcase classname="com.google.GoogleTest" name="f" time="10.977"/>
</testsuite> <!-- com.google.GoogleTest -->
